2026.02.19 22:00:23 INFO  Started: Metals version 1.6.5 in folders '/home/hector/Programming/ChiselHardwareAbstractionLib' for client Visual Studio Code 1.107.1.[0m
2026.02.19 22:00:23 INFO  Memory monitor started[0m
2026.02.19 22:00:24 WARN  Using H2 2.4.240 which is newer than the version Flyway has been verified with. The latest verified version of H2 is 2.3.232.[0m
Feb 19, 2026 10:00:32 PM org.eclipse.lsp4j.jsonrpc.services.GenericEndpoint notify
INFO: Unsupported notification method: $/setTrace
2026.02.19 22:00:39 INFO  no build target found for /home/hector/Programming/ChiselHardwareAbstractionLib/build.sbt. Using presentation compiler with project's scala-library version: 3.3.7[0m
2026.02.19 22:00:40 INFO  no build target found for /home/hector/Programming/ChiselHardwareAbstractionLib/build.sbt. Using presentation compiler with project's scala-library version: 3.3.7[0m
2026.02.19 22:00:40 INFO  no build target found for /home/hector/Programming/ChiselHardwareAbstractionLib/build.sbt. Using presentation compiler with project's scala-library version: 3.3.7[0m
Feb 19, 2026 10:00:40 PM org.eclipse.lsp4j.jsonrpc.RemoteEndpoint handleCancellation
WARNING: Unmatched cancel notification for request id 5
2026.02.19 22:00:40 INFO  no build target found for /home/hector/Programming/ChiselHardwareAbstractionLib/build.sbt. Using presentation compiler with project's scala-library version: 3.3.7[0m
2026.02.19 22:00:40 WARN  no build target for: /home/hector/Programming/ChiselHardwareAbstractionLib/build.sbt[0m
2026.02.19 22:00:42 INFO  no build target found for /home/hector/Programming/ChiselHardwareAbstractionLib/build.sbt. Using presentation compiler with project's scala-library version: 3.3.7[0m
2026.02.19 22:01:12 INFO  no build target found for /home/hector/Programming/ChiselHardwareAbstractionLib/src/test/scala/empty/AddTester.scala. Using presentation compiler with project's scala-library version: 3.3.7[0m
2026.02.19 22:01:15 INFO  no build target found for /home/hector/Programming/ChiselHardwareAbstractionLib/src/test/scala/empty/AddTester.scala. Using presentation compiler with project's scala-library version: 3.3.7[0m
2026.02.19 22:01:15 INFO  no build target found for /home/hector/Programming/ChiselHardwareAbstractionLib/src/test/scala/empty/AddTester.scala. Using presentation compiler with project's scala-library version: 3.3.7[0m
2026.02.19 22:01:18 INFO  no build target found for /home/hector/Programming/ChiselHardwareAbstractionLib/src/test/scala/empty/AddTester.scala. Using presentation compiler with project's scala-library version: 3.3.7[0m
2026.02.19 22:01:18 INFO  no build target found for /home/hector/Programming/ChiselHardwareAbstractionLib/src/test/scala/empty/AddTester.scala. Using presentation compiler with project's scala-library version: 3.3.7[0m
2026.02.19 22:01:18 INFO  no build target found for /home/hector/Programming/ChiselHardwareAbstractionLib/src/test/scala/empty/AddTester.scala. Using presentation compiler with project's scala-library version: 3.3.7[0m
2026.02.19 22:01:19 INFO  no build target found for /home/hector/Programming/ChiselHardwareAbstractionLib/src/test/scala/empty/AddTester.scala. Using presentation compiler with project's scala-library version: 3.3.7[0m
2026.02.19 22:01:19 INFO  no build target found for /home/hector/Programming/ChiselHardwareAbstractionLib/src/test/scala/empty/AddTester.scala. Using presentation compiler with project's scala-library version: 3.3.7[0m
2026.02.19 22:01:19 INFO  no build target found for /home/hector/Programming/ChiselHardwareAbstractionLib/src/test/scala/empty/AddTester.scala. Using presentation compiler with project's scala-library version: 3.3.7[0m
2026.02.19 22:01:28 INFO  no build target found for /home/hector/Programming/ChiselHardwareAbstractionLib/src/test/scala/empty/AddTester.scala. Using presentation compiler with project's scala-library version: 3.3.7[0m
2026.02.19 22:01:28 INFO  no build target found for /home/hector/Programming/ChiselHardwareAbstractionLib/src/main/scala/empty/Add.scala. Using presentation compiler with project's scala-library version: 3.3.7[0m
2026.02.19 22:01:29 INFO  no build target found for /home/hector/Programming/ChiselHardwareAbstractionLib/src/main/scala/empty/Add.scala. Using presentation compiler with project's scala-library version: 3.3.7[0m
2026.02.19 22:01:32 INFO  no build target found for /home/hector/Programming/ChiselHardwareAbstractionLib/src/main/scala/empty/Add.scala. Using presentation compiler with project's scala-library version: 3.3.7[0m
2026.02.19 22:01:32 INFO  no build target found for /home/hector/Programming/ChiselHardwareAbstractionLib/src/main/scala/empty/Add.scala. Using presentation compiler with project's scala-library version: 3.3.7[0m
2026.02.19 22:01:32 INFO  no build target found for /home/hector/Programming/ChiselHardwareAbstractionLib/src/main/scala/empty/Add.scala. Using presentation compiler with project's scala-library version: 3.3.7[0m
2026.02.19 22:01:32 INFO  no build target found for /home/hector/Programming/ChiselHardwareAbstractionLib/src/main/scala/empty/Add.scala. Using presentation compiler with project's scala-library version: 3.3.7[0m
2026.02.19 22:01:33 WARN  no build target for: /home/hector/Programming/ChiselHardwareAbstractionLib/src/main/scala/empty/Add.scala[0m
2026.02.19 22:01:33 INFO  no build target found for /home/hector/Programming/ChiselHardwareAbstractionLib/src/main/scala/empty/Add.scala. Using presentation compiler with project's scala-library version: 3.3.7[0m
2026.02.19 22:01:34 INFO  no build target found for /home/hector/Programming/ChiselHardwareAbstractionLib/src/main/scala/empty/Add.scala. Using presentation compiler with project's scala-library version: 3.3.7[0m
2026.02.19 22:01:34 INFO  no build target found for /home/hector/Programming/ChiselHardwareAbstractionLib/src/main/scala/empty/Add.scala. Using presentation compiler with project's scala-library version: 3.3.7[0m
2026.02.19 22:01:36 INFO  no build target found for /home/hector/Programming/ChiselHardwareAbstractionLib/src/main/scala/empty/Add.scala. Using presentation compiler with project's scala-library version: 3.3.7[0m
2026.02.19 22:01:38 INFO  no build target found for /home/hector/Programming/ChiselHardwareAbstractionLib/src/main/scala/empty/Add.scala. Using presentation compiler with project's scala-library version: 3.3.7[0m
2026.02.19 22:01:41 WARN  no build target for: /home/hector/Programming/ChiselHardwareAbstractionLib/src/main/scala/empty/Add.scala[0m
2026.02.19 22:02:20 WARN  no build target for: /home/hector/Programming/ChiselHardwareAbstractionLib/build.sbt[0m
2026.02.19 22:02:20 INFO  no build target found for /home/hector/Programming/ChiselHardwareAbstractionLib/build.sbt. Using presentation compiler with project's scala-library version: 3.3.7[0m
2026.02.19 22:02:20 INFO  no build target found for /home/hector/Programming/ChiselHardwareAbstractionLib/build.sbt. Using presentation compiler with project's scala-library version: 3.3.7[0m
